2022-11-06 00:22:15,022 WARN [http-nio-9999-exec-5] o.s.w.s.m.s.DefaultHandlerExceptionResolver [AbstractHandlerExceptionResolver.java:199] Resolved [org.springframework.web.HttpRequestMethodNotSupportedException: Request method 'POST' not supported]
2022-11-06 00:22:35,310 WARN [http-nio-9999-exec-7] o.s.w.s.m.s.DefaultHandlerExceptionResolver [AbstractHandlerExceptionResolver.java:199] Resolved [org.springframework.web.HttpRequestMethodNotSupportedException: Request method 'POST' not supported]
2022-11-06 00:46:53,070 WARN [background-preinit] o.s.h.c.j.Jackson2ObjectMapperBuilder [CompositeLog.java:127] For Jackson Kotlin classes support please add "com.fasterxml.jackson.module:jackson-module-kotlin" to the classpath
2022-11-06 00:46:58,891 WARN [restartedMain] s.d.s.r.o.OperationImplicitParameterReader [OperationImplicitParameterReader.java:88] Coercing to be of type string. This may not even be a scalar type in actuality
2022-11-06 00:46:58,891 WARN [restartedMain] s.d.s.r.o.OperationImplicitParameterReader [OperationImplicitParameterReader.java:88] Coercing to be of type string. This may not even be a scalar type in actuality
2022-11-06 00:46:58,891 WARN [restartedMain] s.d.s.r.o.OperationImplicitParameterReader [OperationImplicitParameterReader.java:88] Coercing to be of type string. This may not even be a scalar type in actuality
2022-11-06 00:46:58,891 WARN [restartedMain] s.d.s.r.o.OperationImplicitParameterReader [OperationImplicitParameterReader.java:88] Coercing to be of type string. This may not even be a scalar type in actuality
2022-11-06 00:49:08,905 WARN [background-preinit] o.s.h.c.j.Jackson2ObjectMapperBuilder [CompositeLog.java:127] For Jackson Kotlin classes support please add "com.fasterxml.jackson.module:jackson-module-kotlin" to the classpath
2022-11-06 00:49:14,023 WARN [restartedMain] s.d.s.r.o.OperationImplicitParameterReader [OperationImplicitParameterReader.java:88] Coercing to be of type string. This may not even be a scalar type in actuality
2022-11-06 00:49:14,023 WARN [restartedMain] s.d.s.r.o.OperationImplicitParameterReader [OperationImplicitParameterReader.java:88] Coercing to be of type string. This may not even be a scalar type in actuality
2022-11-06 00:49:14,023 WARN [restartedMain] s.d.s.r.o.OperationImplicitParameterReader [OperationImplicitParameterReader.java:88] Coercing to be of type string. This may not even be a scalar type in actuality
2022-11-06 00:49:14,023 WARN [restartedMain] s.d.s.r.o.OperationImplicitParameterReader [OperationImplicitParameterReader.java:88] Coercing to be of type string. This may not even be a scalar type in actuality
2022-11-06 00:50:57,375 WARN [http-nio-9999-exec-5] o.s.w.s.m.m.a.ExceptionHandlerExceptionResolver [AbstractHandlerExceptionResolver.java:199] Resolved [org.springframework.jdbc.BadSqlGrammarException: 
### Error querying database.  Cause: java.sql.SQLSyntaxErrorException: Unknown column 'username' in 'field list'
### The error may exist in com/gcc/fns/mapper/AppUserMapper.java (best guess)
### The error may involve defaultParameterMap
### The error occurred while setting parameters
### SQL: SELECT id,email,password,salt,username,avatar,academy,specialities,classes,num,phone,status,create_time,update_time FROM t_app_user WHERE id=?
### Cause: java.sql.SQLSyntaxErrorException: Unknown column 'username' in 'field list'
; bad SQL grammar []; nested exception is java.sql.SQLSyntaxErrorException: Unknown column 'username' in 'field list']
2022-11-06 00:51:13,012 WARN [http-nio-9999-exec-7] o.s.w.s.m.m.a.ExceptionHandlerExceptionResolver [AbstractHandlerExceptionResolver.java:199] Resolved [org.springframework.jdbc.BadSqlGrammarException: 
### Error querying database.  Cause: java.sql.SQLSyntaxErrorException: Unknown column 'username' in 'field list'
### The error may exist in com/gcc/fns/mapper/AppUserMapper.java (best guess)
### The error may involve defaultParameterMap
### The error occurred while setting parameters
### SQL: SELECT id,email,password,salt,username,avatar,academy,specialities,classes,num,phone,status,create_time,update_time FROM t_app_user WHERE id=?
### Cause: java.sql.SQLSyntaxErrorException: Unknown column 'username' in 'field list'
; bad SQL grammar []; nested exception is java.sql.SQLSyntaxErrorException: Unknown column 'username' in 'field list']
2022-11-06 00:56:42,168 WARN [background-preinit] o.s.h.c.j.Jackson2ObjectMapperBuilder [CompositeLog.java:127] For Jackson Kotlin classes support please add "com.fasterxml.jackson.module:jackson-module-kotlin" to the classpath
2022-11-06 00:56:48,432 WARN [restartedMain] s.d.s.r.o.OperationImplicitParameterReader [OperationImplicitParameterReader.java:88] Coercing to be of type string. This may not even be a scalar type in actuality
2022-11-06 00:56:48,432 WARN [restartedMain] s.d.s.r.o.OperationImplicitParameterReader [OperationImplicitParameterReader.java:88] Coercing to be of type string. This may not even be a scalar type in actuality
2022-11-06 00:56:48,432 WARN [restartedMain] s.d.s.r.o.OperationImplicitParameterReader [OperationImplicitParameterReader.java:88] Coercing to be of type string. This may not even be a scalar type in actuality
2022-11-06 00:56:48,432 WARN [restartedMain] s.d.s.r.o.OperationImplicitParameterReader [OperationImplicitParameterReader.java:88] Coercing to be of type string. This may not even be a scalar type in actuality
2022-11-06 00:58:21,579 WARN [http-nio-9999-exec-3] o.s.w.s.m.m.a.ExceptionHandlerExceptionResolver [AbstractHandlerExceptionResolver.java:199] Resolved [org.springframework.jdbc.BadSqlGrammarException: 
### Error querying database.  Cause: java.sql.SQLSyntaxErrorException: Unknown column 'username' in 'field list'
### The error may exist in com/gcc/fns/mapper/AppUserMapper.java (best guess)
### The error may involve defaultParameterMap
### The error occurred while setting parameters
### SQL: SELECT id,email,password,salt,username,avatar,academy,specialities,classes,num,phone,status,create_time,update_time FROM t_app_user WHERE id=?
### Cause: java.sql.SQLSyntaxErrorException: Unknown column 'username' in 'field list'
; bad SQL grammar []; nested exception is java.sql.SQLSyntaxErrorException: Unknown column 'username' in 'field list']
2022-11-06 00:58:21,579 WARN [http-nio-9999-exec-1] o.s.w.s.m.m.a.ExceptionHandlerExceptionResolver [AbstractHandlerExceptionResolver.java:199] Resolved [org.springframework.jdbc.BadSqlGrammarException: 
### Error querying database.  Cause: java.sql.SQLSyntaxErrorException: Unknown column 'username' in 'field list'
### The error may exist in com/gcc/fns/mapper/AppUserMapper.java (best guess)
### The error may involve defaultParameterMap
### The error occurred while setting parameters
### SQL: SELECT id,email,password,salt,username,avatar,academy,specialities,classes,num,phone,status,create_time,update_time FROM t_app_user WHERE id=?
### Cause: java.sql.SQLSyntaxErrorException: Unknown column 'username' in 'field list'
; bad SQL grammar []; nested exception is java.sql.SQLSyntaxErrorException: Unknown column 'username' in 'field list']
2022-11-06 00:58:30,728 WARN [background-preinit] o.s.h.c.j.Jackson2ObjectMapperBuilder [CompositeLog.java:127] For Jackson Kotlin classes support please add "com.fasterxml.jackson.module:jackson-module-kotlin" to the classpath
2022-11-06 00:58:36,432 WARN [restartedMain] s.d.s.r.o.OperationImplicitParameterReader [OperationImplicitParameterReader.java:88] Coercing to be of type string. This may not even be a scalar type in actuality
2022-11-06 00:58:36,433 WARN [restartedMain] s.d.s.r.o.OperationImplicitParameterReader [OperationImplicitParameterReader.java:88] Coercing to be of type string. This may not even be a scalar type in actuality
2022-11-06 00:58:36,433 WARN [restartedMain] s.d.s.r.o.OperationImplicitParameterReader [OperationImplicitParameterReader.java:88] Coercing to be of type string. This may not even be a scalar type in actuality
2022-11-06 00:58:36,433 WARN [restartedMain] s.d.s.r.o.OperationImplicitParameterReader [OperationImplicitParameterReader.java:88] Coercing to be of type string. This may not even be a scalar type in actuality
2022-11-06 00:59:27,972 WARN [http-nio-9999-exec-1] o.s.w.s.m.m.a.ExceptionHandlerExceptionResolver [AbstractHandlerExceptionResolver.java:199] Resolved [org.springframework.jdbc.BadSqlGrammarException: 
### Error querying database.  Cause: java.sql.SQLSyntaxErrorException: Unknown column 'username' in 'field list'
### The error may exist in com/gcc/fns/mapper/AppUserMapper.java (best guess)
### The error may involve defaultParameterMap
### The error occurred while setting parameters
### SQL: SELECT id,email,password,salt,username,avatar,academy,specialities,classes,num,phone,status,create_time,update_time FROM t_app_user WHERE id=?
### Cause: java.sql.SQLSyntaxErrorException: Unknown column 'username' in 'field list'
; bad SQL grammar []; nested exception is java.sql.SQLSyntaxErrorException: Unknown column 'username' in 'field list']
2022-11-06 01:00:41,569 WARN [background-preinit] o.s.h.c.j.Jackson2ObjectMapperBuilder [CompositeLog.java:127] For Jackson Kotlin classes support please add "com.fasterxml.jackson.module:jackson-module-kotlin" to the classpath
2022-11-06 01:00:47,892 WARN [restartedMain] s.d.s.r.o.OperationImplicitParameterReader [OperationImplicitParameterReader.java:88] Coercing to be of type string. This may not even be a scalar type in actuality
2022-11-06 01:00:47,892 WARN [restartedMain] s.d.s.r.o.OperationImplicitParameterReader [OperationImplicitParameterReader.java:88] Coercing to be of type string. This may not even be a scalar type in actuality
2022-11-06 01:00:47,892 WARN [restartedMain] s.d.s.r.o.OperationImplicitParameterReader [OperationImplicitParameterReader.java:88] Coercing to be of type string. This may not even be a scalar type in actuality
2022-11-06 01:00:47,893 WARN [restartedMain] s.d.s.r.o.OperationImplicitParameterReader [OperationImplicitParameterReader.java:88] Coercing to be of type string. This may not even be a scalar type in actuality
2022-11-06 01:01:16,058 WARN [http-nio-9999-exec-1] o.s.w.s.m.m.a.ExceptionHandlerExceptionResolver [AbstractHandlerExceptionResolver.java:199] Resolved [org.springframework.jdbc.BadSqlGrammarException: 
### Error querying database.  Cause: java.sql.SQLSyntaxErrorException: Unknown column 'username' in 'field list'
### The error may exist in com/gcc/fns/mapper/AppUserMapper.java (best guess)
### The error may involve defaultParameterMap
### The error occurred while setting parameters
### SQL: SELECT id,email,password,salt,username,avatar,academy,specialities,classes,num,phone,status,create_time,update_time FROM t_app_user WHERE id=?
### Cause: java.sql.SQLSyntaxErrorException: Unknown column 'username' in 'field list'
; bad SQL grammar []; nested exception is java.sql.SQLSyntaxErrorException: Unknown column 'username' in 'field list']
2022-11-06 01:05:42,211 WARN [background-preinit] o.s.h.c.j.Jackson2ObjectMapperBuilder [CompositeLog.java:127] For Jackson Kotlin classes support please add "com.fasterxml.jackson.module:jackson-module-kotlin" to the classpath
2022-11-06 01:05:48,233 WARN [restartedMain] s.d.s.r.o.OperationImplicitParameterReader [OperationImplicitParameterReader.java:88] Coercing to be of type string. This may not even be a scalar type in actuality
2022-11-06 01:05:48,233 WARN [restartedMain] s.d.s.r.o.OperationImplicitParameterReader [OperationImplicitParameterReader.java:88] Coercing to be of type string. This may not even be a scalar type in actuality
2022-11-06 01:05:48,233 WARN [restartedMain] s.d.s.r.o.OperationImplicitParameterReader [OperationImplicitParameterReader.java:88] Coercing to be of type string. This may not even be a scalar type in actuality
2022-11-06 01:05:48,233 WARN [restartedMain] s.d.s.r.o.OperationImplicitParameterReader [OperationImplicitParameterReader.java:88] Coercing to be of type string. This may not even be a scalar type in actuality
2022-11-06 01:05:48,976 WARN [http-nio-9999-exec-2] o.s.w.s.m.m.a.ExceptionHandlerExceptionResolver [AbstractHandlerExceptionResolver.java:199] Resolved [org.springframework.dao.DataIntegrityViolationException: 
### Error updating database.  Cause: com.mysql.cj.jdbc.exceptions.MysqlDataTruncation: Data truncation: Out of range value for column 'id' at row 1
### The error may exist in file [D:\AppData\FNS\fns\The-project-of-the-exam\target\classes\mapper\SessionListMapper.xml]
### The error may involve defaultParameterMap
### The error occurred while setting parameters
### SQL: insert into t_session_list (id, user_id, to_user_id,list_name,un_read_count)         values (?, ?, ?, ?,                 ?)
### Cause: com.mysql.cj.jdbc.exceptions.MysqlDataTruncation: Data truncation: Out of range value for column 'id' at row 1
; Data truncation: Out of range value for column 'id' at row 1; nested exception is com.mysql.cj.jdbc.exceptions.MysqlDataTruncation: Data truncation: Out of range value for column 'id' at row 1]
2022-11-06 01:08:47,816 WARN [background-preinit] o.s.h.c.j.Jackson2ObjectMapperBuilder [CompositeLog.java:127] For Jackson Kotlin classes support please add "com.fasterxml.jackson.module:jackson-module-kotlin" to the classpath
2022-11-06 01:08:53,475 WARN [restartedMain] s.d.s.r.o.OperationImplicitParameterReader [OperationImplicitParameterReader.java:88] Coercing to be of type string. This may not even be a scalar type in actuality
2022-11-06 01:08:53,475 WARN [restartedMain] s.d.s.r.o.OperationImplicitParameterReader [OperationImplicitParameterReader.java:88] Coercing to be of type string. This may not even be a scalar type in actuality
2022-11-06 01:08:53,475 WARN [restartedMain] s.d.s.r.o.OperationImplicitParameterReader [OperationImplicitParameterReader.java:88] Coercing to be of type string. This may not even be a scalar type in actuality
2022-11-06 01:08:53,475 WARN [restartedMain] s.d.s.r.o.OperationImplicitParameterReader [OperationImplicitParameterReader.java:88] Coercing to be of type string. This may not even be a scalar type in actuality
2022-11-06 01:09:02,103 WARN [http-nio-9999-exec-1] o.s.w.s.m.m.a.ExceptionHandlerExceptionResolver [AbstractHandlerExceptionResolver.java:199] Resolved [org.springframework.dao.DataIntegrityViolationException: 
### Error updating database.  Cause: com.mysql.cj.jdbc.exceptions.MysqlDataTruncation: Data truncation: Out of range value for column 'id' at row 1
### The error may exist in file [D:\AppData\FNS\fns\The-project-of-the-exam\target\classes\mapper\SessionListMapper.xml]
### The error may involve defaultParameterMap
### The error occurred while setting parameters
### SQL: insert into t_session_list (id, user_id, to_user_id,list_name,un_read_count,avatar)         values (?, ?, ?, ?,?,?)
### Cause: com.mysql.cj.jdbc.exceptions.MysqlDataTruncation: Data truncation: Out of range value for column 'id' at row 1
; Data truncation: Out of range value for column 'id' at row 1; nested exception is com.mysql.cj.jdbc.exceptions.MysqlDataTruncation: Data truncation: Out of range value for column 'id' at row 1]
2022-11-06 01:10:03,879 WARN [background-preinit] o.s.h.c.j.Jackson2ObjectMapperBuilder [CompositeLog.java:127] For Jackson Kotlin classes support please add "com.fasterxml.jackson.module:jackson-module-kotlin" to the classpath
2022-11-06 01:10:09,695 WARN [restartedMain] s.d.s.r.o.OperationImplicitParameterReader [OperationImplicitParameterReader.java:88] Coercing to be of type string. This may not even be a scalar type in actuality
2022-11-06 01:10:09,695 WARN [restartedMain] s.d.s.r.o.OperationImplicitParameterReader [OperationImplicitParameterReader.java:88] Coercing to be of type string. This may not even be a scalar type in actuality
2022-11-06 01:10:09,696 WARN [restartedMain] s.d.s.r.o.OperationImplicitParameterReader [OperationImplicitParameterReader.java:88] Coercing to be of type string. This may not even be a scalar type in actuality
2022-11-06 01:10:09,696 WARN [restartedMain] s.d.s.r.o.OperationImplicitParameterReader [OperationImplicitParameterReader.java:88] Coercing to be of type string. This may not even be a scalar type in actuality
2022-11-06 01:11:48,155 WARN [background-preinit] o.s.h.c.j.Jackson2ObjectMapperBuilder [CompositeLog.java:127] For Jackson Kotlin classes support please add "com.fasterxml.jackson.module:jackson-module-kotlin" to the classpath
2022-11-06 01:11:53,942 WARN [restartedMain] s.d.s.r.o.OperationImplicitParameterReader [OperationImplicitParameterReader.java:88] Coercing to be of type string. This may not even be a scalar type in actuality
2022-11-06 01:11:53,942 WARN [restartedMain] s.d.s.r.o.OperationImplicitParameterReader [OperationImplicitParameterReader.java:88] Coercing to be of type string. This may not even be a scalar type in actuality
2022-11-06 01:11:53,943 WARN [restartedMain] s.d.s.r.o.OperationImplicitParameterReader [OperationImplicitParameterReader.java:88] Coercing to be of type string. This may not even be a scalar type in actuality
2022-11-06 01:11:53,943 WARN [restartedMain] s.d.s.r.o.OperationImplicitParameterReader [OperationImplicitParameterReader.java:88] Coercing to be of type string. This may not even be a scalar type in actuality
2022-11-06 01:12:04,376 WARN [background-preinit] o.s.h.c.j.Jackson2ObjectMapperBuilder [CompositeLog.java:127] For Jackson Kotlin classes support please add "com.fasterxml.jackson.module:jackson-module-kotlin" to the classpath
2022-11-06 01:12:09,510 WARN [restartedMain] s.d.s.r.o.OperationImplicitParameterReader [OperationImplicitParameterReader.java:88] Coercing to be of type string. This may not even be a scalar type in actuality
2022-11-06 01:12:09,511 WARN [restartedMain] s.d.s.r.o.OperationImplicitParameterReader [OperationImplicitParameterReader.java:88] Coercing to be of type string. This may not even be a scalar type in actuality
2022-11-06 01:12:09,511 WARN [restartedMain] s.d.s.r.o.OperationImplicitParameterReader [OperationImplicitParameterReader.java:88] Coercing to be of type string. This may not even be a scalar type in actuality
2022-11-06 01:12:09,511 WARN [restartedMain] s.d.s.r.o.OperationImplicitParameterReader [OperationImplicitParameterReader.java:88] Coercing to be of type string. This may not even be a scalar type in actuality
2022-11-06 01:21:55,972 WARN [http-nio-9999-exec-7] o.s.w.s.m.s.DefaultHandlerExceptionResolver [AbstractHandlerExceptionResolver.java:199] Resolved [org.springframework.web.HttpRequestMethodNotSupportedException: Request method 'GET' not supported]
2022-11-06 01:22:21,660 WARN [http-nio-9999-exec-9] o.s.w.s.m.s.DefaultHandlerExceptionResolver [AbstractHandlerExceptionResolver.java:199] Resolved [org.springframework.web.HttpRequestMethodNotSupportedException: Request method 'GET' not supported]
2022-11-06 01:22:29,341 WARN [background-preinit] o.s.h.c.j.Jackson2ObjectMapperBuilder [CompositeLog.java:127] For Jackson Kotlin classes support please add "com.fasterxml.jackson.module:jackson-module-kotlin" to the classpath
2022-11-06 01:22:35,136 WARN [restartedMain] s.d.s.r.o.OperationImplicitParameterReader [OperationImplicitParameterReader.java:88] Coercing to be of type string. This may not even be a scalar type in actuality
2022-11-06 01:22:35,136 WARN [restartedMain] s.d.s.r.o.OperationImplicitParameterReader [OperationImplicitParameterReader.java:88] Coercing to be of type string. This may not even be a scalar type in actuality
2022-11-06 01:22:35,136 WARN [restartedMain] s.d.s.r.o.OperationImplicitParameterReader [OperationImplicitParameterReader.java:88] Coercing to be of type string. This may not even be a scalar type in actuality
2022-11-06 01:22:35,137 WARN [restartedMain] s.d.s.r.o.OperationImplicitParameterReader [OperationImplicitParameterReader.java:88] Coercing to be of type string. This may not even be a scalar type in actuality
2022-11-06 01:24:06,785 WARN [background-preinit] o.s.h.c.j.Jackson2ObjectMapperBuilder [CompositeLog.java:127] For Jackson Kotlin classes support please add "com.fasterxml.jackson.module:jackson-module-kotlin" to the classpath
2022-11-06 01:24:11,883 WARN [restartedMain] s.d.s.r.o.OperationImplicitParameterReader [OperationImplicitParameterReader.java:88] Coercing to be of type string. This may not even be a scalar type in actuality
2022-11-06 01:24:11,883 WARN [restartedMain] s.d.s.r.o.OperationImplicitParameterReader [OperationImplicitParameterReader.java:88] Coercing to be of type string. This may not even be a scalar type in actuality
2022-11-06 01:24:11,884 WARN [restartedMain] s.d.s.r.o.OperationImplicitParameterReader [OperationImplicitParameterReader.java:88] Coercing to be of type string. This may not even be a scalar type in actuality
2022-11-06 01:24:11,884 WARN [restartedMain] s.d.s.r.o.OperationImplicitParameterReader [OperationImplicitParameterReader.java:88] Coercing to be of type string. This may not even be a scalar type in actuality
2022-11-06 01:24:21,439 WARN [http-nio-9999-exec-1] o.s.w.s.m.s.DefaultHandlerExceptionResolver [AbstractHandlerExceptionResolver.java:199] Resolved [org.springframework.web.HttpRequestMethodNotSupportedException: Request method 'GET' not supported]
2022-11-06 01:31:39,877 WARN [background-preinit] o.s.h.c.j.Jackson2ObjectMapperBuilder [CompositeLog.java:127] For Jackson Kotlin classes support please add "com.fasterxml.jackson.module:jackson-module-kotlin" to the classpath
2022-11-06 01:31:44,818 WARN [restartedMain] s.d.s.r.o.OperationImplicitParameterReader [OperationImplicitParameterReader.java:88] Coercing to be of type string. This may not even be a scalar type in actuality
2022-11-06 01:31:44,818 WARN [restartedMain] s.d.s.r.o.OperationImplicitParameterReader [OperationImplicitParameterReader.java:88] Coercing to be of type string. This may not even be a scalar type in actuality
2022-11-06 01:31:44,819 WARN [restartedMain] s.d.s.r.o.OperationImplicitParameterReader [OperationImplicitParameterReader.java:88] Coercing to be of type string. This may not even be a scalar type in actuality
2022-11-06 01:31:44,819 WARN [restartedMain] s.d.s.r.o.OperationImplicitParameterReader [OperationImplicitParameterReader.java:88] Coercing to be of type string. This may not even be a scalar type in actuality
2022-11-06 01:52:18,751 WARN [background-preinit] o.s.h.c.j.Jackson2ObjectMapperBuilder [CompositeLog.java:127] For Jackson Kotlin classes support please add "com.fasterxml.jackson.module:jackson-module-kotlin" to the classpath
2022-11-06 01:52:23,837 WARN [restartedMain] s.d.s.r.o.OperationImplicitParameterReader [OperationImplicitParameterReader.java:88] Coercing to be of type string. This may not even be a scalar type in actuality
2022-11-06 01:52:23,837 WARN [restartedMain] s.d.s.r.o.OperationImplicitParameterReader [OperationImplicitParameterReader.java:88] Coercing to be of type string. This may not even be a scalar type in actuality
2022-11-06 01:52:23,837 WARN [restartedMain] s.d.s.r.o.OperationImplicitParameterReader [OperationImplicitParameterReader.java:88] Coercing to be of type string. This may not even be a scalar type in actuality
2022-11-06 01:52:23,837 WARN [restartedMain] s.d.s.r.o.OperationImplicitParameterReader [OperationImplicitParameterReader.java:88] Coercing to be of type string. This may not even be a scalar type in actuality
2022-11-06 01:52:24,821 WARN [http-nio-9999-exec-1] o.s.w.s.m.m.a.ExceptionHandlerExceptionResolver [AbstractHandlerExceptionResolver.java:199] Resolved [org.springframework.jdbc.BadSqlGrammarException: 
### Error querying database.  Cause: java.sql.SQLSyntaxErrorException: Unknown column 't_session_list.aratar' in 'field list'
### The error may exist in file [D:\AppData\FNS\fns\The-project-of-the-exam\target\classes\mapper\MessageInfoMapper.xml]
### The error may involve defaultParameterMap
### The error occurred while setting parameters
### SQL: SELECT t_message_info.*,t_session_list.aratar  FROM t_message_info inner join t_session_list         WHERE (               (to_user_id = ? AND from_user_id = ?)               OR (to_user_id = ? AND from_user_id = ?)               )
### Cause: java.sql.SQLSyntaxErrorException: Unknown column 't_session_list.aratar' in 'field list'
; bad SQL grammar []; nested exception is java.sql.SQLSyntaxErrorException: Unknown column 't_session_list.aratar' in 'field list']
2022-11-06 01:53:41,365 WARN [background-preinit] o.s.h.c.j.Jackson2ObjectMapperBuilder [CompositeLog.java:127] For Jackson Kotlin classes support please add "com.fasterxml.jackson.module:jackson-module-kotlin" to the classpath
2022-11-06 01:53:46,609 WARN [restartedMain] s.d.s.r.o.OperationImplicitParameterReader [OperationImplicitParameterReader.java:88] Coercing to be of type string. This may not even be a scalar type in actuality
2022-11-06 01:53:46,609 WARN [restartedMain] s.d.s.r.o.OperationImplicitParameterReader [OperationImplicitParameterReader.java:88] Coercing to be of type string. This may not even be a scalar type in actuality
2022-11-06 01:53:46,609 WARN [restartedMain] s.d.s.r.o.OperationImplicitParameterReader [OperationImplicitParameterReader.java:88] Coercing to be of type string. This may not even be a scalar type in actuality
2022-11-06 01:53:46,609 WARN [restartedMain] s.d.s.r.o.OperationImplicitParameterReader [OperationImplicitParameterReader.java:88] Coercing to be of type string. This may not even be a scalar type in actuality
2022-11-06 01:53:49,421 WARN [http-nio-9999-exec-1] o.s.w.s.m.m.a.ExceptionHandlerExceptionResolver [AbstractHandlerExceptionResolver.java:199] Resolved [org.springframework.jdbc.BadSqlGrammarException: 
### Error querying database.  Cause: java.sql.SQLSyntaxErrorException: Unknown column 'ts.aratar' in 'field list'
### The error may exist in file [D:\AppData\FNS\fns\The-project-of-the-exam\target\classes\mapper\MessageInfoMapper.xml]
### The error may involve defaultParameterMap
### The error occurred while setting parameters
### SQL: SELECT tm.*,ts.aratar  FROM t_message_info tm inner join t_session_list ts         WHERE (               (to_user_id = ? AND from_user_id = ?) OR (to_user_id = ? AND from_user_id = ?)               )
### Cause: java.sql.SQLSyntaxErrorException: Unknown column 'ts.aratar' in 'field list'
; bad SQL grammar []; nested exception is java.sql.SQLSyntaxErrorException: Unknown column 'ts.aratar' in 'field list']
2022-11-06 01:54:15,158 WARN [background-preinit] o.s.h.c.j.Jackson2ObjectMapperBuilder [CompositeLog.java:127] For Jackson Kotlin classes support please add "com.fasterxml.jackson.module:jackson-module-kotlin" to the classpath
2022-11-06 01:54:20,381 WARN [restartedMain] s.d.s.r.o.OperationImplicitParameterReader [OperationImplicitParameterReader.java:88] Coercing to be of type string. This may not even be a scalar type in actuality
2022-11-06 01:54:20,382 WARN [restartedMain] s.d.s.r.o.OperationImplicitParameterReader [OperationImplicitParameterReader.java:88] Coercing to be of type string. This may not even be a scalar type in actuality
2022-11-06 01:54:20,382 WARN [restartedMain] s.d.s.r.o.OperationImplicitParameterReader [OperationImplicitParameterReader.java:88] Coercing to be of type string. This may not even be a scalar type in actuality
2022-11-06 01:54:20,382 WARN [restartedMain] s.d.s.r.o.OperationImplicitParameterReader [OperationImplicitParameterReader.java:88] Coercing to be of type string. This may not even be a scalar type in actuality
2022-11-06 01:54:24,231 WARN [http-nio-9999-exec-1] o.s.w.s.m.m.a.ExceptionHandlerExceptionResolver [AbstractHandlerExceptionResolver.java:199] Resolved [org.springframework.dao.DataIntegrityViolationException: 
### Error querying database.  Cause: java.sql.SQLIntegrityConstraintViolationException: Column 'to_user_id' in where clause is ambiguous
### The error may exist in file [D:\AppData\FNS\fns\The-project-of-the-exam\target\classes\mapper\MessageInfoMapper.xml]
### The error may involve defaultParameterMap
### The error occurred while setting parameters
### SQL: SELECT tm.*,ts.avatar  FROM t_message_info tm inner join t_session_list ts         WHERE (               (to_user_id = ? AND from_user_id = ?) OR (to_user_id = ? AND from_user_id = ?)               )
### Cause: java.sql.SQLIntegrityConstraintViolationException: Column 'to_user_id' in where clause is ambiguous
; Column 'to_user_id' in where clause is ambiguous; nested exception is java.sql.SQLIntegrityConstraintViolationException: Column 'to_user_id' in where clause is ambiguous]
2022-11-06 01:55:19,198 WARN [background-preinit] o.s.h.c.j.Jackson2ObjectMapperBuilder [CompositeLog.java:127] For Jackson Kotlin classes support please add "com.fasterxml.jackson.module:jackson-module-kotlin" to the classpath
2022-11-06 01:55:24,175 WARN [restartedMain] s.d.s.r.o.OperationImplicitParameterReader [OperationImplicitParameterReader.java:88] Coercing to be of type string. This may not even be a scalar type in actuality
2022-11-06 01:55:24,177 WARN [restartedMain] s.d.s.r.o.OperationImplicitParameterReader [OperationImplicitParameterReader.java:88] Coercing to be of type string. This may not even be a scalar type in actuality
2022-11-06 01:55:24,177 WARN [restartedMain] s.d.s.r.o.OperationImplicitParameterReader [OperationImplicitParameterReader.java:88] Coercing to be of type string. This may not even be a scalar type in actuality
2022-11-06 01:55:24,177 WARN [restartedMain] s.d.s.r.o.OperationImplicitParameterReader [OperationImplicitParameterReader.java:88] Coercing to be of type string. This may not even be a scalar type in actuality
2022-11-06 02:03:11,182 WARN [background-preinit] o.s.h.c.j.Jackson2ObjectMapperBuilder [CompositeLog.java:127] For Jackson Kotlin classes support please add "com.fasterxml.jackson.module:jackson-module-kotlin" to the classpath
2022-11-06 02:03:16,217 WARN [restartedMain] s.d.s.r.o.OperationImplicitParameterReader [OperationImplicitParameterReader.java:88] Coercing to be of type string. This may not even be a scalar type in actuality
2022-11-06 02:03:16,218 WARN [restartedMain] s.d.s.r.o.OperationImplicitParameterReader [OperationImplicitParameterReader.java:88] Coercing to be of type string. This may not even be a scalar type in actuality
2022-11-06 02:03:16,218 WARN [restartedMain] s.d.s.r.o.OperationImplicitParameterReader [OperationImplicitParameterReader.java:88] Coercing to be of type string. This may not even be a scalar type in actuality
2022-11-06 02:03:16,218 WARN [restartedMain] s.d.s.r.o.OperationImplicitParameterReader [OperationImplicitParameterReader.java:88] Coercing to be of type string. This may not even be a scalar type in actuality
2022-11-06 02:20:35,469 WARN [background-preinit] o.s.h.c.j.Jackson2ObjectMapperBuilder [CompositeLog.java:127] For Jackson Kotlin classes support please add "com.fasterxml.jackson.module:jackson-module-kotlin" to the classpath
2022-11-06 02:20:40,758 WARN [restartedMain] s.d.s.r.o.OperationImplicitParameterReader [OperationImplicitParameterReader.java:88] Coercing to be of type string. This may not even be a scalar type in actuality
2022-11-06 02:20:40,759 WARN [restartedMain] s.d.s.r.o.OperationImplicitParameterReader [OperationImplicitParameterReader.java:88] Coercing to be of type string. This may not even be a scalar type in actuality
2022-11-06 02:20:40,759 WARN [restartedMain] s.d.s.r.o.OperationImplicitParameterReader [OperationImplicitParameterReader.java:88] Coercing to be of type string. This may not even be a scalar type in actuality
2022-11-06 02:20:40,759 WARN [restartedMain] s.d.s.r.o.OperationImplicitParameterReader [OperationImplicitParameterReader.java:88] Coercing to be of type string. This may not even be a scalar type in actuality
2022-11-06 02:23:51,218 WARN [background-preinit] o.s.h.c.j.Jackson2ObjectMapperBuilder [CompositeLog.java:127] For Jackson Kotlin classes support please add "com.fasterxml.jackson.module:jackson-module-kotlin" to the classpath
2022-11-06 02:23:56,385 WARN [restartedMain] s.d.s.r.o.OperationImplicitParameterReader [OperationImplicitParameterReader.java:88] Coercing to be of type string. This may not even be a scalar type in actuality
2022-11-06 02:23:56,385 WARN [restartedMain] s.d.s.r.o.OperationImplicitParameterReader [OperationImplicitParameterReader.java:88] Coercing to be of type string. This may not even be a scalar type in actuality
2022-11-06 02:23:56,386 WARN [restartedMain] s.d.s.r.o.OperationImplicitParameterReader [OperationImplicitParameterReader.java:88] Coercing to be of type string. This may not even be a scalar type in actuality
2022-11-06 02:23:56,386 WARN [restartedMain] s.d.s.r.o.OperationImplicitParameterReader [OperationImplicitParameterReader.java:88] Coercing to be of type string. This may not even be a scalar type in actuality
2022-11-06 02:24:43,198 WARN [background-preinit] o.s.h.c.j.Jackson2ObjectMapperBuilder [CompositeLog.java:127] For Jackson Kotlin classes support please add "com.fasterxml.jackson.module:jackson-module-kotlin" to the classpath
2022-11-06 02:24:48,453 WARN [restartedMain] s.d.s.r.o.OperationImplicitParameterReader [OperationImplicitParameterReader.java:88] Coercing to be of type string. This may not even be a scalar type in actuality
2022-11-06 02:24:48,454 WARN [restartedMain] s.d.s.r.o.OperationImplicitParameterReader [OperationImplicitParameterReader.java:88] Coercing to be of type string. This may not even be a scalar type in actuality
2022-11-06 02:24:48,454 WARN [restartedMain] s.d.s.r.o.OperationImplicitParameterReader [OperationImplicitParameterReader.java:88] Coercing to be of type string. This may not even be a scalar type in actuality
2022-11-06 02:24:48,454 WARN [restartedMain] s.d.s.r.o.OperationImplicitParameterReader [OperationImplicitParameterReader.java:88] Coercing to be of type string. This may not even be a scalar type in actuality
2022-11-06 02:26:26,313 WARN [background-preinit] o.s.h.c.j.Jackson2ObjectMapperBuilder [CompositeLog.java:127] For Jackson Kotlin classes support please add "com.fasterxml.jackson.module:jackson-module-kotlin" to the classpath
2022-11-06 02:26:31,505 WARN [restartedMain] s.d.s.r.o.OperationImplicitParameterReader [OperationImplicitParameterReader.java:88] Coercing to be of type string. This may not even be a scalar type in actuality
2022-11-06 02:26:31,506 WARN [restartedMain] s.d.s.r.o.OperationImplicitParameterReader [OperationImplicitParameterReader.java:88] Coercing to be of type string. This may not even be a scalar type in actuality
2022-11-06 02:26:31,506 WARN [restartedMain] s.d.s.r.o.OperationImplicitParameterReader [OperationImplicitParameterReader.java:88] Coercing to be of type string. This may not even be a scalar type in actuality
2022-11-06 02:26:31,506 WARN [restartedMain] s.d.s.r.o.OperationImplicitParameterReader [OperationImplicitParameterReader.java:88] Coercing to be of type string. This may not even be a scalar type in actuality
2022-11-06 02:29:45,578 WARN [background-preinit] o.s.h.c.j.Jackson2ObjectMapperBuilder [CompositeLog.java:127] For Jackson Kotlin classes support please add "com.fasterxml.jackson.module:jackson-module-kotlin" to the classpath
2022-11-06 02:29:50,962 WARN [restartedMain] s.d.s.r.o.OperationImplicitParameterReader [OperationImplicitParameterReader.java:88] Coercing to be of type string. This may not even be a scalar type in actuality
2022-11-06 02:29:50,963 WARN [restartedMain] s.d.s.r.o.OperationImplicitParameterReader [OperationImplicitParameterReader.java:88] Coercing to be of type string. This may not even be a scalar type in actuality
2022-11-06 02:29:50,963 WARN [restartedMain] s.d.s.r.o.OperationImplicitParameterReader [OperationImplicitParameterReader.java:88] Coercing to be of type string. This may not even be a scalar type in actuality
2022-11-06 02:29:50,963 WARN [restartedMain] s.d.s.r.o.OperationImplicitParameterReader [OperationImplicitParameterReader.java:88] Coercing to be of type string. This may not even be a scalar type in actuality
2022-11-06 16:33:37,243 WARN [background-preinit] o.s.h.c.j.Jackson2ObjectMapperBuilder [CompositeLog.java:127] For Jackson Kotlin classes support please add "com.fasterxml.jackson.module:jackson-module-kotlin" to the classpath
2022-11-06 16:33:42,929 WARN [restartedMain] s.d.s.r.o.OperationImplicitParameterReader [OperationImplicitParameterReader.java:88] Coercing to be of type string. This may not even be a scalar type in actuality
2022-11-06 16:33:42,929 WARN [restartedMain] s.d.s.r.o.OperationImplicitParameterReader [OperationImplicitParameterReader.java:88] Coercing to be of type string. This may not even be a scalar type in actuality
2022-11-06 16:33:42,929 WARN [restartedMain] s.d.s.r.o.OperationImplicitParameterReader [OperationImplicitParameterReader.java:88] Coercing to be of type string. This may not even be a scalar type in actuality
2022-11-06 16:33:42,929 WARN [restartedMain] s.d.s.r.o.OperationImplicitParameterReader [OperationImplicitParameterReader.java:88] Coercing to be of type string. This may not even be a scalar type in actuality
2022-11-06 16:47:42,499 WARN [background-preinit] o.s.h.c.j.Jackson2ObjectMapperBuilder [CompositeLog.java:127] For Jackson Kotlin classes support please add "com.fasterxml.jackson.module:jackson-module-kotlin" to the classpath
2022-11-06 16:47:45,688 WARN [restartedMain] o.s.b.w.s.c.AnnotationConfigServletWebServerApplicationContext [AbstractApplicationContext.java:558] Exception encountered during context initialization - cancelling refresh attempt: org.springframework.beans.factory.UnsatisfiedDependencyException: Error creating bean with name 'loginController': Unsatisfied dependency expressed through field 'appUserService'; nested exception is org.springframework.beans.factory.BeanCreationException: Error creating bean with name 'appUserServiceImpl': Injection of resource dependencies failed; nested exception is org.springframework.beans.factory.UnsatisfiedDependencyException: Error creating bean with name 'appUserMapper' defined in file [D:\AppData\FNS\fns\The-project-of-the-exam\target\classes\com\gcc\fns\mapper\AppUserMapper.class]: Unsatisfied dependency expressed through bean property 'sqlSessionFactory'; nested exception is org.springframework.beans.factory.BeanCreationException: Error creating bean with name 'sqlSessionFactory' defined in class path resource [com/baomidou/mybatisplus/autoconfigure/MybatisPlusAutoConfiguration.class]: Bean instantiation via factory method failed; nested exception is org.springframework.beans.BeanInstantiationException: Failed to instantiate [org.apache.ibatis.session.SqlSessionFactory]: Factory method 'sqlSessionFactory' threw exception; nested exception is org.springframework.core.NestedIOException: Failed to parse mapping resource: 'file [D:\AppData\FNS\fns\The-project-of-the-exam\target\classes\mapper\SessionListMapper.xml]'; nested exception is org.apache.ibatis.builder.BuilderException: Error parsing Mapper XML. The XML location is 'file [D:\AppData\FNS\fns\The-project-of-the-exam\target\classes\mapper\SessionListMapper.xml]'. Cause: java.lang.IllegalStateException: No typehandler found for property lastTime
2022-11-06 16:49:37,340 WARN [background-preinit] o.s.h.c.j.Jackson2ObjectMapperBuilder [CompositeLog.java:127] For Jackson Kotlin classes support please add "com.fasterxml.jackson.module:jackson-module-kotlin" to the classpath
2022-11-06 16:49:40,489 WARN [restartedMain] o.s.b.w.s.c.AnnotationConfigServletWebServerApplicationContext [AbstractApplicationContext.java:558] Exception encountered during context initialization - cancelling refresh attempt: org.springframework.beans.factory.UnsatisfiedDependencyException: Error creating bean with name 'loginController': Unsatisfied dependency expressed through field 'appUserService'; nested exception is org.springframework.beans.factory.BeanCreationException: Error creating bean with name 'appUserServiceImpl': Injection of resource dependencies failed; nested exception is org.springframework.beans.factory.UnsatisfiedDependencyException: Error creating bean with name 'appUserMapper' defined in file [D:\AppData\FNS\fns\The-project-of-the-exam\target\classes\com\gcc\fns\mapper\AppUserMapper.class]: Unsatisfied dependency expressed through bean property 'sqlSessionFactory'; nested exception is org.springframework.beans.factory.BeanCreationException: Error creating bean with name 'sqlSessionFactory' defined in class path resource [com/baomidou/mybatisplus/autoconfigure/MybatisPlusAutoConfiguration.class]: Bean instantiation via factory method failed; nested exception is org.springframework.beans.BeanInstantiationException: Failed to instantiate [org.apache.ibatis.session.SqlSessionFactory]: Factory method 'sqlSessionFactory' threw exception; nested exception is org.springframework.core.NestedIOException: Failed to parse mapping resource: 'file [D:\AppData\FNS\fns\The-project-of-the-exam\target\classes\mapper\SessionListMapper.xml]'; nested exception is org.apache.ibatis.builder.BuilderException: Error parsing Mapper XML. The XML location is 'file [D:\AppData\FNS\fns\The-project-of-the-exam\target\classes\mapper\SessionListMapper.xml]'. Cause: java.lang.IllegalStateException: No typehandler found for property lastTime
2022-11-06 16:50:18,026 WARN [background-preinit] o.s.h.c.j.Jackson2ObjectMapperBuilder [CompositeLog.java:127] For Jackson Kotlin classes support please add "com.fasterxml.jackson.module:jackson-module-kotlin" to the classpath
2022-11-06 16:50:21,183 WARN [restartedMain] o.s.b.w.s.c.AnnotationConfigServletWebServerApplicationContext [AbstractApplicationContext.java:558] Exception encountered during context initialization - cancelling refresh attempt: org.springframework.beans.factory.UnsatisfiedDependencyException: Error creating bean with name 'loginController': Unsatisfied dependency expressed through field 'appUserService'; nested exception is org.springframework.beans.factory.BeanCreationException: Error creating bean with name 'appUserServiceImpl': Injection of resource dependencies failed; nested exception is org.springframework.beans.factory.UnsatisfiedDependencyException: Error creating bean with name 'appUserMapper' defined in file [D:\AppData\FNS\fns\The-project-of-the-exam\target\classes\com\gcc\fns\mapper\AppUserMapper.class]: Unsatisfied dependency expressed through bean property 'sqlSessionFactory'; nested exception is org.springframework.beans.factory.BeanCreationException: Error creating bean with name 'sqlSessionFactory' defined in class path resource [com/baomidou/mybatisplus/autoconfigure/MybatisPlusAutoConfiguration.class]: Bean instantiation via factory method failed; nested exception is org.springframework.beans.BeanInstantiationException: Failed to instantiate [org.apache.ibatis.session.SqlSessionFactory]: Factory method 'sqlSessionFactory' threw exception; nested exception is org.springframework.core.NestedIOException: Failed to parse mapping resource: 'file [D:\AppData\FNS\fns\The-project-of-the-exam\target\classes\mapper\SessionListMapper.xml]'; nested exception is org.apache.ibatis.builder.BuilderException: Error parsing Mapper XML. The XML location is 'file [D:\AppData\FNS\fns\The-project-of-the-exam\target\classes\mapper\SessionListMapper.xml]'. Cause: java.lang.IllegalStateException: No typehandler found for property lastTime
2022-11-06 16:51:27,548 WARN [background-preinit] o.s.h.c.j.Jackson2ObjectMapperBuilder [CompositeLog.java:127] For Jackson Kotlin classes support please add "com.fasterxml.jackson.module:jackson-module-kotlin" to the classpath
2022-11-06 16:51:30,670 WARN [restartedMain] o.s.b.w.s.c.AnnotationConfigServletWebServerApplicationContext [AbstractApplicationContext.java:558] Exception encountered during context initialization - cancelling refresh attempt: org.springframework.beans.factory.UnsatisfiedDependencyException: Error creating bean with name 'loginController': Unsatisfied dependency expressed through field 'appUserService'; nested exception is org.springframework.beans.factory.BeanCreationException: Error creating bean with name 'appUserServiceImpl': Injection of resource dependencies failed; nested exception is org.springframework.beans.factory.UnsatisfiedDependencyException: Error creating bean with name 'appUserMapper' defined in file [D:\AppData\FNS\fns\The-project-of-the-exam\target\classes\com\gcc\fns\mapper\AppUserMapper.class]: Unsatisfied dependency expressed through bean property 'sqlSessionFactory'; nested exception is org.springframework.beans.factory.BeanCreationException: Error creating bean with name 'sqlSessionFactory' defined in class path resource [com/baomidou/mybatisplus/autoconfigure/MybatisPlusAutoConfiguration.class]: Bean instantiation via factory method failed; nested exception is org.springframework.beans.BeanInstantiationException: Failed to instantiate [org.apache.ibatis.session.SqlSessionFactory]: Factory method 'sqlSessionFactory' threw exception; nested exception is org.springframework.core.NestedIOException: Failed to parse mapping resource: 'file [D:\AppData\FNS\fns\The-project-of-the-exam\target\classes\mapper\SessionListMapper.xml]'; nested exception is org.apache.ibatis.builder.BuilderException: Error parsing Mapper XML. The XML location is 'file [D:\AppData\FNS\fns\The-project-of-the-exam\target\classes\mapper\SessionListMapper.xml]'. Cause: java.lang.IllegalStateException: No typehandler found for property lastTime
2022-11-06 16:52:53,581 WARN [background-preinit] o.s.h.c.j.Jackson2ObjectMapperBuilder [CompositeLog.java:127] For Jackson Kotlin classes support please add "com.fasterxml.jackson.module:jackson-module-kotlin" to the classpath
2022-11-06 16:52:58,486 WARN [restartedMain] s.d.s.r.o.OperationImplicitParameterReader [OperationImplicitParameterReader.java:88] Coercing to be of type string. This may not even be a scalar type in actuality
2022-11-06 16:52:58,487 WARN [restartedMain] s.d.s.r.o.OperationImplicitParameterReader [OperationImplicitParameterReader.java:88] Coercing to be of type string. This may not even be a scalar type in actuality
2022-11-06 16:52:58,487 WARN [restartedMain] s.d.s.r.o.OperationImplicitParameterReader [OperationImplicitParameterReader.java:88] Coercing to be of type string. This may not even be a scalar type in actuality
2022-11-06 16:52:58,487 WARN [restartedMain] s.d.s.r.o.OperationImplicitParameterReader [OperationImplicitParameterReader.java:88] Coercing to be of type string. This may not even be a scalar type in actuality
2022-11-06 16:57:13,992 WARN [background-preinit] o.s.h.c.j.Jackson2ObjectMapperBuilder [CompositeLog.java:127] For Jackson Kotlin classes support please add "com.fasterxml.jackson.module:jackson-module-kotlin" to the classpath
2022-11-06 16:57:18,883 WARN [restartedMain] s.d.s.r.o.OperationImplicitParameterReader [OperationImplicitParameterReader.java:88] Coercing to be of type string. This may not even be a scalar type in actuality
2022-11-06 16:57:18,883 WARN [restartedMain] s.d.s.r.o.OperationImplicitParameterReader [OperationImplicitParameterReader.java:88] Coercing to be of type string. This may not even be a scalar type in actuality
2022-11-06 16:57:18,883 WARN [restartedMain] s.d.s.r.o.OperationImplicitParameterReader [OperationImplicitParameterReader.java:88] Coercing to be of type string. This may not even be a scalar type in actuality
2022-11-06 16:57:18,884 WARN [restartedMain] s.d.s.r.o.OperationImplicitParameterReader [OperationImplicitParameterReader.java:88] Coercing to be of type string. This may not even be a scalar type in actuality
2022-11-06 17:00:04,865 WARN [background-preinit] o.s.h.c.j.Jackson2ObjectMapperBuilder [CompositeLog.java:127] For Jackson Kotlin classes support please add "com.fasterxml.jackson.module:jackson-module-kotlin" to the classpath
2022-11-06 17:00:09,853 WARN [restartedMain] s.d.s.r.o.OperationImplicitParameterReader [OperationImplicitParameterReader.java:88] Coercing to be of type string. This may not even be a scalar type in actuality
2022-11-06 17:00:09,853 WARN [restartedMain] s.d.s.r.o.OperationImplicitParameterReader [OperationImplicitParameterReader.java:88] Coercing to be of type string. This may not even be a scalar type in actuality
2022-11-06 17:00:09,853 WARN [restartedMain] s.d.s.r.o.OperationImplicitParameterReader [OperationImplicitParameterReader.java:88] Coercing to be of type string. This may not even be a scalar type in actuality
2022-11-06 17:00:09,853 WARN [restartedMain] s.d.s.r.o.OperationImplicitParameterReader [OperationImplicitParameterReader.java:88] Coercing to be of type string. This may not even be a scalar type in actuality
2022-11-06 17:04:03,697 WARN [background-preinit] o.s.h.c.j.Jackson2ObjectMapperBuilder [CompositeLog.java:127] For Jackson Kotlin classes support please add "com.fasterxml.jackson.module:jackson-module-kotlin" to the classpath
2022-11-06 17:04:08,667 WARN [restartedMain] s.d.s.r.o.OperationImplicitParameterReader [OperationImplicitParameterReader.java:88] Coercing to be of type string. This may not even be a scalar type in actuality
2022-11-06 17:04:08,668 WARN [restartedMain] s.d.s.r.o.OperationImplicitParameterReader [OperationImplicitParameterReader.java:88] Coercing to be of type string. This may not even be a scalar type in actuality
2022-11-06 17:04:08,668 WARN [restartedMain] s.d.s.r.o.OperationImplicitParameterReader [OperationImplicitParameterReader.java:88] Coercing to be of type string. This may not even be a scalar type in actuality
2022-11-06 17:04:08,668 WARN [restartedMain] s.d.s.r.o.OperationImplicitParameterReader [OperationImplicitParameterReader.java:88] Coercing to be of type string. This may not even be a scalar type in actuality
2022-11-06 17:13:01,353 WARN [background-preinit] o.s.h.c.j.Jackson2ObjectMapperBuilder [CompositeLog.java:127] For Jackson Kotlin classes support please add "com.fasterxml.jackson.module:jackson-module-kotlin" to the classpath
2022-11-06 17:13:06,132 WARN [restartedMain] s.d.s.r.o.OperationImplicitParameterReader [OperationImplicitParameterReader.java:88] Coercing to be of type string. This may not even be a scalar type in actuality
2022-11-06 17:13:06,133 WARN [restartedMain] s.d.s.r.o.OperationImplicitParameterReader [OperationImplicitParameterReader.java:88] Coercing to be of type string. This may not even be a scalar type in actuality
2022-11-06 17:13:06,133 WARN [restartedMain] s.d.s.r.o.OperationImplicitParameterReader [OperationImplicitParameterReader.java:88] Coercing to be of type string. This may not even be a scalar type in actuality
2022-11-06 17:13:06,133 WARN [restartedMain] s.d.s.r.o.OperationImplicitParameterReader [OperationImplicitParameterReader.java:88] Coercing to be of type string. This may not even be a scalar type in actuality
2022-11-06 17:13:08,970 WARN [http-nio-9999-exec-1] o.s.w.s.m.m.a.ExceptionHandlerExceptionResolver [AbstractHandlerExceptionResolver.java:199] Resolved [CustomException(responseStatusEnum=CHAR_ALREADY_EXISTS)]
2022-11-06 17:13:35,711 WARN [background-preinit] o.s.h.c.j.Jackson2ObjectMapperBuilder [CompositeLog.java:127] For Jackson Kotlin classes support please add "com.fasterxml.jackson.module:jackson-module-kotlin" to the classpath
2022-11-06 17:13:40,921 WARN [restartedMain] s.d.s.r.o.OperationImplicitParameterReader [OperationImplicitParameterReader.java:88] Coercing to be of type string. This may not even be a scalar type in actuality
2022-11-06 17:13:40,921 WARN [restartedMain] s.d.s.r.o.OperationImplicitParameterReader [OperationImplicitParameterReader.java:88] Coercing to be of type string. This may not even be a scalar type in actuality
2022-11-06 17:13:40,921 WARN [restartedMain] s.d.s.r.o.OperationImplicitParameterReader [OperationImplicitParameterReader.java:88] Coercing to be of type string. This may not even be a scalar type in actuality
2022-11-06 17:13:40,921 WARN [restartedMain] s.d.s.r.o.OperationImplicitParameterReader [OperationImplicitParameterReader.java:88] Coercing to be of type string. This may not even be a scalar type in actuality
2022-11-06 17:13:43,992 WARN [http-nio-9999-exec-1] o.s.w.s.m.m.a.ExceptionHandlerExceptionResolver [AbstractHandlerExceptionResolver.java:199] Resolved [CustomException(responseStatusEnum=CHAR_ALREADY_EXISTS)]
2022-11-06 17:23:35,428 WARN [background-preinit] o.s.h.c.j.Jackson2ObjectMapperBuilder [CompositeLog.java:127] For Jackson Kotlin classes support please add "com.fasterxml.jackson.module:jackson-module-kotlin" to the classpath
2022-11-06 17:23:40,331 WARN [restartedMain] s.d.s.r.o.OperationImplicitParameterReader [OperationImplicitParameterReader.java:88] Coercing to be of type string. This may not even be a scalar type in actuality
2022-11-06 17:23:40,332 WARN [restartedMain] s.d.s.r.o.OperationImplicitParameterReader [OperationImplicitParameterReader.java:88] Coercing to be of type string. This may not even be a scalar type in actuality
2022-11-06 17:23:40,332 WARN [restartedMain] s.d.s.r.o.OperationImplicitParameterReader [OperationImplicitParameterReader.java:88] Coercing to be of type string. This may not even be a scalar type in actuality
2022-11-06 17:23:40,332 WARN [restartedMain] s.d.s.r.o.OperationImplicitParameterReader [OperationImplicitParameterReader.java:88] Coercing to be of type string. This may not even be a scalar type in actuality
2022-11-06 17:23:51,036 WARN [http-nio-9999-exec-1] o.s.w.s.m.m.a.ExceptionHandlerExceptionResolver [AbstractHandlerExceptionResolver.java:199] Resolved [CustomException(responseStatusEnum=CHAR_ALREADY_EXISTS)]
2022-11-06 17:24:38,971 WARN [http-nio-9999-exec-8] o.s.w.s.m.m.a.ExceptionHandlerExceptionResolver [AbstractHandlerExceptionResolver.java:199] Resolved [CustomException(responseStatusEnum=CHAR_ALREADY_EXISTS)]
2022-11-06 17:26:26,015 WARN [background-preinit] o.s.h.c.j.Jackson2ObjectMapperBuilder [CompositeLog.java:127] For Jackson Kotlin classes support please add "com.fasterxml.jackson.module:jackson-module-kotlin" to the classpath
2022-11-06 17:26:30,965 WARN [restartedMain] s.d.s.r.o.OperationImplicitParameterReader [OperationImplicitParameterReader.java:88] Coercing to be of type string. This may not even be a scalar type in actuality
2022-11-06 17:26:30,965 WARN [restartedMain] s.d.s.r.o.OperationImplicitParameterReader [OperationImplicitParameterReader.java:88] Coercing to be of type string. This may not even be a scalar type in actuality
2022-11-06 17:26:30,966 WARN [restartedMain] s.d.s.r.o.OperationImplicitParameterReader [OperationImplicitParameterReader.java:88] Coercing to be of type string. This may not even be a scalar type in actuality
2022-11-06 17:26:30,966 WARN [restartedMain] s.d.s.r.o.OperationImplicitParameterReader [OperationImplicitParameterReader.java:88] Coercing to be of type string. This may not even be a scalar type in actuality
2022-11-06 17:26:35,529 WARN [http-nio-9999-exec-2] o.s.w.s.m.m.a.ExceptionHandlerExceptionResolver [AbstractHandlerExceptionResolver.java:199] Resolved [CustomException(responseStatusEnum=CHAR_ALREADY_EXISTS)]
2022-11-06 17:26:36,767 WARN [http-nio-9999-exec-3] o.s.w.s.m.m.a.ExceptionHandlerExceptionResolver [AbstractHandlerExceptionResolver.java:199] Resolved [CustomException(responseStatusEnum=CHAR_ALREADY_EXISTS)]
2022-11-06 17:32:08,525 WARN [background-preinit] o.s.h.c.j.Jackson2ObjectMapperBuilder [CompositeLog.java:127] For Jackson Kotlin classes support please add "com.fasterxml.jackson.module:jackson-module-kotlin" to the classpath
2022-11-06 17:32:13,689 WARN [restartedMain] s.d.s.r.o.OperationImplicitParameterReader [OperationImplicitParameterReader.java:88] Coercing to be of type string. This may not even be a scalar type in actuality
2022-11-06 17:32:13,689 WARN [restartedMain] s.d.s.r.o.OperationImplicitParameterReader [OperationImplicitParameterReader.java:88] Coercing to be of type string. This may not even be a scalar type in actuality
2022-11-06 17:32:13,689 WARN [restartedMain] s.d.s.r.o.OperationImplicitParameterReader [OperationImplicitParameterReader.java:88] Coercing to be of type string. This may not even be a scalar type in actuality
2022-11-06 17:32:13,689 WARN [restartedMain] s.d.s.r.o.OperationImplicitParameterReader [OperationImplicitParameterReader.java:88] Coercing to be of type string. This may not even be a scalar type in actuality
2022-11-06 17:32:47,761 WARN [http-nio-9999-exec-7] o.s.w.s.m.m.a.ExceptionHandlerExceptionResolver [AbstractHandlerExceptionResolver.java:199] Resolved [CustomException(responseStatusEnum=CHAR_ALREADY_EXISTS)]
