2022-11-06 00:50:57,367 ERROR [http-nio-9999-exec-5] c.g.f.c.e.GlobalException [GlobalException.java:62] 服务器异常：
### Error querying database.  Cause: java.sql.SQLSyntaxErrorException: Unknown column 'username' in 'field list'
### The error may exist in com/gcc/fns/mapper/AppUserMapper.java (best guess)
### The error may involve defaultParameterMap
### The error occurred while setting parameters
### SQL: SELECT id,email,password,salt,username,avatar,academy,specialities,classes,num,phone,status,create_time,update_time FROM t_app_user WHERE id=?
### Cause: java.sql.SQLSyntaxErrorException: Unknown column 'username' in 'field list'
; bad SQL grammar []; nested exception is java.sql.SQLSyntaxErrorException: Unknown column 'username' in 'field list'
2022-11-06 00:51:13,010 ERROR [http-nio-9999-exec-7] c.g.f.c.e.GlobalException [GlobalException.java:62] 服务器异常：
### Error querying database.  Cause: java.sql.SQLSyntaxErrorException: Unknown column 'username' in 'field list'
### The error may exist in com/gcc/fns/mapper/AppUserMapper.java (best guess)
### The error may involve defaultParameterMap
### The error occurred while setting parameters
### SQL: SELECT id,email,password,salt,username,avatar,academy,specialities,classes,num,phone,status,create_time,update_time FROM t_app_user WHERE id=?
### Cause: java.sql.SQLSyntaxErrorException: Unknown column 'username' in 'field list'
; bad SQL grammar []; nested exception is java.sql.SQLSyntaxErrorException: Unknown column 'username' in 'field list'
2022-11-06 00:58:21,523 ERROR [http-nio-9999-exec-3] c.g.f.c.e.GlobalException [GlobalException.java:62] 服务器异常：
### Error querying database.  Cause: java.sql.SQLSyntaxErrorException: Unknown column 'username' in 'field list'
### The error may exist in com/gcc/fns/mapper/AppUserMapper.java (best guess)
### The error may involve defaultParameterMap
### The error occurred while setting parameters
### SQL: SELECT id,email,password,salt,username,avatar,academy,specialities,classes,num,phone,status,create_time,update_time FROM t_app_user WHERE id=?
### Cause: java.sql.SQLSyntaxErrorException: Unknown column 'username' in 'field list'
; bad SQL grammar []; nested exception is java.sql.SQLSyntaxErrorException: Unknown column 'username' in 'field list'
2022-11-06 00:58:21,527 ERROR [http-nio-9999-exec-1] c.g.f.c.e.GlobalException [GlobalException.java:62] 服务器异常：
### Error querying database.  Cause: java.sql.SQLSyntaxErrorException: Unknown column 'username' in 'field list'
### The error may exist in com/gcc/fns/mapper/AppUserMapper.java (best guess)
### The error may involve defaultParameterMap
### The error occurred while setting parameters
### SQL: SELECT id,email,password,salt,username,avatar,academy,specialities,classes,num,phone,status,create_time,update_time FROM t_app_user WHERE id=?
### Cause: java.sql.SQLSyntaxErrorException: Unknown column 'username' in 'field list'
; bad SQL grammar []; nested exception is java.sql.SQLSyntaxErrorException: Unknown column 'username' in 'field list'
2022-11-06 00:59:27,808 ERROR [http-nio-9999-exec-1] c.g.f.c.e.GlobalException [GlobalException.java:62] 服务器异常：
### Error querying database.  Cause: java.sql.SQLSyntaxErrorException: Unknown column 'username' in 'field list'
### The error may exist in com/gcc/fns/mapper/AppUserMapper.java (best guess)
### The error may involve defaultParameterMap
### The error occurred while setting parameters
### SQL: SELECT id,email,password,salt,username,avatar,academy,specialities,classes,num,phone,status,create_time,update_time FROM t_app_user WHERE id=?
### Cause: java.sql.SQLSyntaxErrorException: Unknown column 'username' in 'field list'
; bad SQL grammar []; nested exception is java.sql.SQLSyntaxErrorException: Unknown column 'username' in 'field list'
2022-11-06 01:01:16,014 ERROR [http-nio-9999-exec-1] c.g.f.c.e.GlobalException [GlobalException.java:62] 服务器异常：
### Error querying database.  Cause: java.sql.SQLSyntaxErrorException: Unknown column 'username' in 'field list'
### The error may exist in com/gcc/fns/mapper/AppUserMapper.java (best guess)
### The error may involve defaultParameterMap
### The error occurred while setting parameters
### SQL: SELECT id,email,password,salt,username,avatar,academy,specialities,classes,num,phone,status,create_time,update_time FROM t_app_user WHERE id=?
### Cause: java.sql.SQLSyntaxErrorException: Unknown column 'username' in 'field list'
; bad SQL grammar []; nested exception is java.sql.SQLSyntaxErrorException: Unknown column 'username' in 'field list'
2022-11-06 01:05:48,912 ERROR [http-nio-9999-exec-2] c.g.f.c.e.GlobalException [GlobalException.java:62] 服务器异常：
### Error updating database.  Cause: com.mysql.cj.jdbc.exceptions.MysqlDataTruncation: Data truncation: Out of range value for column 'id' at row 1
### The error may exist in file [D:\AppData\FNS\fns\The-project-of-the-exam\target\classes\mapper\SessionListMapper.xml]
### The error may involve defaultParameterMap
### The error occurred while setting parameters
### SQL: insert into t_session_list (id, user_id, to_user_id,list_name,un_read_count)         values (?, ?, ?, ?,                 ?)
### Cause: com.mysql.cj.jdbc.exceptions.MysqlDataTruncation: Data truncation: Out of range value for column 'id' at row 1
; Data truncation: Out of range value for column 'id' at row 1; nested exception is com.mysql.cj.jdbc.exceptions.MysqlDataTruncation: Data truncation: Out of range value for column 'id' at row 1
2022-11-06 01:09:02,055 ERROR [http-nio-9999-exec-1] c.g.f.c.e.GlobalException [GlobalException.java:62] 服务器异常：
### Error updating database.  Cause: com.mysql.cj.jdbc.exceptions.MysqlDataTruncation: Data truncation: Out of range value for column 'id' at row 1
### The error may exist in file [D:\AppData\FNS\fns\The-project-of-the-exam\target\classes\mapper\SessionListMapper.xml]
### The error may involve defaultParameterMap
### The error occurred while setting parameters
### SQL: insert into t_session_list (id, user_id, to_user_id,list_name,un_read_count,avatar)         values (?, ?, ?, ?,?,?)
### Cause: com.mysql.cj.jdbc.exceptions.MysqlDataTruncation: Data truncation: Out of range value for column 'id' at row 1
; Data truncation: Out of range value for column 'id' at row 1; nested exception is com.mysql.cj.jdbc.exceptions.MysqlDataTruncation: Data truncation: Out of range value for column 'id' at row 1
2022-11-06 01:52:24,780 ERROR [http-nio-9999-exec-1] c.g.f.c.e.GlobalException [GlobalException.java:62] 服务器异常：
### Error querying database.  Cause: java.sql.SQLSyntaxErrorException: Unknown column 't_session_list.aratar' in 'field list'
### The error may exist in file [D:\AppData\FNS\fns\The-project-of-the-exam\target\classes\mapper\MessageInfoMapper.xml]
### The error may involve defaultParameterMap
### The error occurred while setting parameters
### SQL: SELECT t_message_info.*,t_session_list.aratar  FROM t_message_info inner join t_session_list         WHERE (               (to_user_id = ? AND from_user_id = ?)               OR (to_user_id = ? AND from_user_id = ?)               )
### Cause: java.sql.SQLSyntaxErrorException: Unknown column 't_session_list.aratar' in 'field list'
; bad SQL grammar []; nested exception is java.sql.SQLSyntaxErrorException: Unknown column 't_session_list.aratar' in 'field list'
2022-11-06 01:53:49,384 ERROR [http-nio-9999-exec-1] c.g.f.c.e.GlobalException [GlobalException.java:62] 服务器异常：
### Error querying database.  Cause: java.sql.SQLSyntaxErrorException: Unknown column 'ts.aratar' in 'field list'
### The error may exist in file [D:\AppData\FNS\fns\The-project-of-the-exam\target\classes\mapper\MessageInfoMapper.xml]
### The error may involve defaultParameterMap
### The error occurred while setting parameters
### SQL: SELECT tm.*,ts.aratar  FROM t_message_info tm inner join t_session_list ts         WHERE (               (to_user_id = ? AND from_user_id = ?) OR (to_user_id = ? AND from_user_id = ?)               )
### Cause: java.sql.SQLSyntaxErrorException: Unknown column 'ts.aratar' in 'field list'
; bad SQL grammar []; nested exception is java.sql.SQLSyntaxErrorException: Unknown column 'ts.aratar' in 'field list'
2022-11-06 01:54:24,188 ERROR [http-nio-9999-exec-1] c.g.f.c.e.GlobalException [GlobalException.java:62] 服务器异常：
### Error querying database.  Cause: java.sql.SQLIntegrityConstraintViolationException: Column 'to_user_id' in where clause is ambiguous
### The error may exist in file [D:\AppData\FNS\fns\The-project-of-the-exam\target\classes\mapper\MessageInfoMapper.xml]
### The error may involve defaultParameterMap
### The error occurred while setting parameters
### SQL: SELECT tm.*,ts.avatar  FROM t_message_info tm inner join t_session_list ts         WHERE (               (to_user_id = ? AND from_user_id = ?) OR (to_user_id = ? AND from_user_id = ?)               )
### Cause: java.sql.SQLIntegrityConstraintViolationException: Column 'to_user_id' in where clause is ambiguous
; Column 'to_user_id' in where clause is ambiguous; nested exception is java.sql.SQLIntegrityConstraintViolationException: Column 'to_user_id' in where clause is ambiguous
2022-11-06 02:24:01,026 ERROR [http-nio-9999-exec-9] o.a.t.w.p.PojoEndpointBase [DirectJDKLog.java:175] No error handling configured for [com.gcc.fns.service.impl.WebSocket] and the following error occurred
org.springframework.jdbc.BadSqlGrammarException: 
### Error querying database.  Cause: java.sql.SQLSyntaxErrorException: Unknown column 'username' in 'field list'
### The error may exist in com/gcc/fns/mapper/AppUserMapper.java (best guess)
### The error may involve defaultParameterMap
### The error occurred while setting parameters
### SQL: SELECT id,email,password,salt,username,avatar,academy,specialities,classes,num,phone,status,create_time,update_time FROM t_app_user WHERE id=?
### Cause: java.sql.SQLSyntaxErrorException: Unknown column 'username' in 'field list'
; bad SQL grammar []; nested exception is java.sql.SQLSyntaxErrorException: Unknown column 'username' in 'field list'
	at org.springframework.jdbc.support.SQLErrorCodeSQLExceptionTranslator.doTranslate(SQLErrorCodeSQLExceptionTranslator.java:235)
	at org.springframework.jdbc.support.AbstractFallbackSQLExceptionTranslator.translate(AbstractFallbackSQLExceptionTranslator.java:72)
	at org.mybatis.spring.MyBatisExceptionTranslator.translateExceptionIfPossible(MyBatisExceptionTranslator.java:91)
	at org.mybatis.spring.SqlSessionTemplate$SqlSessionInterceptor.invoke(SqlSessionTemplate.java:441)
	at com.sun.proxy.$Proxy110.selectOne(Unknown Source)
	at org.mybatis.spring.SqlSessionTemplate.selectOne(SqlSessionTemplate.java:160)
	at com.baomidou.mybatisplus.core.override.MybatisMapperMethod.execute(MybatisMapperMethod.java:89)
	at com.baomidou.mybatisplus.core.override.MybatisMapperProxy$PlainMethodInvoker.invoke(MybatisMapperProxy.java:148)
	at com.baomidou.mybatisplus.core.override.MybatisMapperProxy.invoke(MybatisMapperProxy.java:89)
	at com.sun.proxy.$Proxy111.selectById(Unknown Source)
	at com.gcc.fns.service.impl.WebSocket.OnMessage(WebSocket.java:129)
	at sun.reflect.NativeMethodAccessorImpl.invoke0(Native Method)
	at sun.reflect.NativeMethodAccessorImpl.invoke(NativeMethodAccessorImpl.java:62)
	at sun.reflect.DelegatingMethodAccessorImpl.invoke(DelegatingMethodAccessorImpl.java:43)
	at java.lang.reflect.Method.invoke(Method.java:498)
	at org.apache.tomcat.websocket.pojo.PojoMessageHandlerWholeBase.onMessage(PojoMessageHandlerWholeBase.java:80)
	at org.apache.tomcat.websocket.WsFrameBase.sendMessageText(WsFrameBase.java:395)
	at org.apache.tomcat.websocket.server.WsFrameServer.sendMessageText(WsFrameServer.java:119)
	at org.apache.tomcat.websocket.WsFrameBase.processDataText(WsFrameBase.java:495)
	at org.apache.tomcat.websocket.WsFrameBase.processData(WsFrameBase.java:294)
	at org.apache.tomcat.websocket.WsFrameBase.processInputBuffer(WsFrameBase.java:133)
	at org.apache.tomcat.websocket.server.WsFrameServer.onDataAvailable(WsFrameServer.java:82)
	at org.apache.tomcat.websocket.server.WsFrameServer.doOnDataAvailable(WsFrameServer.java:171)
	at org.apache.tomcat.websocket.server.WsFrameServer.notifyDataAvailable(WsFrameServer.java:151)
	at org.apache.tomcat.websocket.server.WsHttpUpgradeHandler.upgradeDispatch(WsHttpUpgradeHandler.java:148)
	at org.apache.coyote.http11.upgrade.UpgradeProcessorInternal.dispatch(UpgradeProcessorInternal.java:54)
	at org.apache.coyote.AbstractProcessorLight.process(AbstractProcessorLight.java:59)
	at org.apache.coyote.AbstractProtocol$ConnectionHandler.process(AbstractProtocol.java:868)
	at org.apache.tomcat.util.net.NioEndpoint$SocketProcessor.doRun(NioEndpoint.java:1639)
	at org.apache.tomcat.util.net.SocketProcessorBase.run(SocketProcessorBase.java:49)
	at java.util.concurrent.ThreadPoolExecutor.runWorker(ThreadPoolExecutor.java:1149)
	at java.util.concurrent.ThreadPoolExecutor$Worker.run(ThreadPoolExecutor.java:624)
	at org.apache.tomcat.util.threads.TaskThread$WrappingRunnable.run(TaskThread.java:61)
	at java.lang.Thread.run(Thread.java:748)
Caused by: java.sql.SQLSyntaxErrorException: Unknown column 'username' in 'field list'
	at com.mysql.cj.jdbc.exceptions.SQLError.createSQLException(SQLError.java:120)
	at com.mysql.cj.jdbc.exceptions.SQLError.createSQLException(SQLError.java:97)
	at com.mysql.cj.jdbc.exceptions.SQLExceptionsMapping.translateException(SQLExceptionsMapping.java:122)
	at com.mysql.cj.jdbc.ClientPreparedStatement.executeInternal(ClientPreparedStatement.java:953)
	at com.mysql.cj.jdbc.ClientPreparedStatement.execute(ClientPreparedStatement.java:370)
	at com.alibaba.druid.filter.FilterChainImpl.preparedStatement_execute(FilterChainImpl.java:3409)
	at com.alibaba.druid.wall.WallFilter.preparedStatement_execute(WallFilter.java:627)
	at com.alibaba.druid.filter.FilterChainImpl.preparedStatement_execute(FilterChainImpl.java:3407)
	at com.alibaba.druid.filter.FilterEventAdapter.preparedStatement_execute(FilterEventAdapter.java:440)
	at com.alibaba.druid.filter.FilterChainImpl.preparedStatement_execute(FilterChainImpl.java:3407)
	at com.alibaba.druid.proxy.jdbc.PreparedStatementProxyImpl.execute(PreparedStatementProxyImpl.java:167)
	at com.alibaba.druid.pool.DruidPooledPreparedStatement.execute(DruidPooledPreparedStatement.java:497)
	at sun.reflect.NativeMethodAccessorImpl.invoke0(Native Method)
	at sun.reflect.NativeMethodAccessorImpl.invoke(NativeMethodAccessorImpl.java:62)
	at sun.reflect.DelegatingMethodAccessorImpl.invoke(DelegatingMethodAccessorImpl.java:43)
	at java.lang.reflect.Method.invoke(Method.java:498)
	at org.apache.ibatis.logging.jdbc.PreparedStatementLogger.invoke(PreparedStatementLogger.java:59)
	at com.sun.proxy.$Proxy171.execute(Unknown Source)
	at org.apache.ibatis.executor.statement.PreparedStatementHandler.query(PreparedStatementHandler.java:64)
	at org.apache.ibatis.executor.statement.RoutingStatementHandler.query(RoutingStatementHandler.java:79)
	at sun.reflect.NativeMethodAccessorImpl.invoke0(Native Method)
	at sun.reflect.NativeMethodAccessorImpl.invoke(NativeMethodAccessorImpl.java:62)
	at sun.reflect.DelegatingMethodAccessorImpl.invoke(DelegatingMethodAccessorImpl.java:43)
	at java.lang.reflect.Method.invoke(Method.java:498)
	at org.apache.ibatis.plugin.Plugin.invoke(Plugin.java:64)
	at com.sun.proxy.$Proxy169.query(Unknown Source)
	at org.apache.ibatis.executor.SimpleExecutor.doQuery(SimpleExecutor.java:63)
	at org.apache.ibatis.executor.BaseExecutor.queryFromDatabase(BaseExecutor.java:325)
	at org.apache.ibatis.executor.BaseExecutor.query(BaseExecutor.java:156)
	at org.apache.ibatis.executor.CachingExecutor.query(CachingExecutor.java:109)
	at com.baomidou.mybatisplus.extension.plugins.MybatisPlusInterceptor.intercept(MybatisPlusInterceptor.java:81)
	at org.apache.ibatis.plugin.Plugin.invoke(Plugin.java:62)
	at com.sun.proxy.$Proxy168.query(Unknown Source)
	at org.apache.ibatis.session.defaults.DefaultSqlSession.selectList(DefaultSqlSession.java:151)
	at org.apache.ibatis.session.defaults.DefaultSqlSession.selectList(DefaultSqlSession.java:145)
	at org.apache.ibatis.session.defaults.DefaultSqlSession.selectList(DefaultSqlSession.java:140)
	at org.apache.ibatis.session.defaults.DefaultSqlSession.selectOne(DefaultSqlSession.java:76)
	at sun.reflect.NativeMethodAccessorImpl.invoke0(Native Method)
	at sun.reflect.NativeMethodAccessorImpl.invoke(NativeMethodAccessorImpl.java:62)
	at sun.reflect.DelegatingMethodAccessorImpl.invoke(DelegatingMethodAccessorImpl.java:43)
	at java.lang.reflect.Method.invoke(Method.java:498)
	at org.mybatis.spring.SqlSessionTemplate$SqlSessionInterceptor.invoke(SqlSessionTemplate.java:427)
	... 30 common frames omitted
2022-11-06 02:27:37,063 ERROR [http-nio-9999-exec-10] o.a.t.w.p.PojoEndpointBase [DirectJDKLog.java:175] No error handling configured for [com.gcc.fns.service.impl.WebSocket] and the following error occurred
java.lang.NullPointerException: null
	at com.gcc.fns.service.impl.WebSocket.sendTextMessage(WebSocket.java:183)
	at com.gcc.fns.service.impl.WebSocket.OnMessage(WebSocket.java:165)
	at sun.reflect.NativeMethodAccessorImpl.invoke0(Native Method)
	at sun.reflect.NativeMethodAccessorImpl.invoke(NativeMethodAccessorImpl.java:62)
	at sun.reflect.DelegatingMethodAccessorImpl.invoke(DelegatingMethodAccessorImpl.java:43)
	at java.lang.reflect.Method.invoke(Method.java:498)
	at org.apache.tomcat.websocket.pojo.PojoMessageHandlerWholeBase.onMessage(PojoMessageHandlerWholeBase.java:80)
	at org.apache.tomcat.websocket.WsFrameBase.sendMessageText(WsFrameBase.java:395)
	at org.apache.tomcat.websocket.server.WsFrameServer.sendMessageText(WsFrameServer.java:119)
	at org.apache.tomcat.websocket.WsFrameBase.processDataText(WsFrameBase.java:495)
	at org.apache.tomcat.websocket.WsFrameBase.processData(WsFrameBase.java:294)
	at org.apache.tomcat.websocket.WsFrameBase.processInputBuffer(WsFrameBase.java:133)
	at org.apache.tomcat.websocket.server.WsFrameServer.onDataAvailable(WsFrameServer.java:82)
	at org.apache.tomcat.websocket.server.WsFrameServer.doOnDataAvailable(WsFrameServer.java:171)
	at org.apache.tomcat.websocket.server.WsFrameServer.notifyDataAvailable(WsFrameServer.java:151)
	at org.apache.tomcat.websocket.server.WsHttpUpgradeHandler.upgradeDispatch(WsHttpUpgradeHandler.java:148)
	at org.apache.coyote.http11.upgrade.UpgradeProcessorInternal.dispatch(UpgradeProcessorInternal.java:54)
	at org.apache.coyote.AbstractProcessorLight.process(AbstractProcessorLight.java:59)
	at org.apache.coyote.AbstractProtocol$ConnectionHandler.process(AbstractProtocol.java:868)
	at org.apache.tomcat.util.net.NioEndpoint$SocketProcessor.doRun(NioEndpoint.java:1639)
	at org.apache.tomcat.util.net.SocketProcessorBase.run(SocketProcessorBase.java:49)
	at java.util.concurrent.ThreadPoolExecutor.runWorker(ThreadPoolExecutor.java:1149)
	at java.util.concurrent.ThreadPoolExecutor$Worker.run(ThreadPoolExecutor.java:624)
	at org.apache.tomcat.util.threads.TaskThread$WrappingRunnable.run(TaskThread.java:61)
	at java.lang.Thread.run(Thread.java:748)
