2022-10-24 18:41:59,297 WARN [background-preinit] o.s.h.c.j.Jackson2ObjectMapperBuilder [CompositeLog.java:127] For Jackson Kotlin classes support please add "com.fasterxml.jackson.module:jackson-module-kotlin" to the classpath
2022-10-24 18:42:01,038 WARN [restartedMain] o.s.b.w.s.c.AnnotationConfigServletWebServerApplicationContext [AbstractApplicationContext.java:558] Exception encountered during context initialization - cancelling refresh attempt: org.springframework.beans.factory.BeanCreationException: Error creating bean with name 'requestMappingHandlerMapping' defined in class path resource [org/springframework/boot/autoconfigure/web/servlet/WebMvcAutoConfiguration$EnableWebMvcConfiguration.class]: Bean instantiation via factory method failed; nested exception is org.springframework.beans.BeanInstantiationException: Failed to instantiate [org.springframework.web.servlet.mvc.method.annotation.RequestMappingHandlerMapping]: Factory method 'requestMappingHandlerMapping' threw exception; nested exception is java.lang.IllegalArgumentException: '*' is not a valid exposed header value
2022-10-24 18:42:20,401 WARN [background-preinit] o.s.h.c.j.Jackson2ObjectMapperBuilder [CompositeLog.java:127] For Jackson Kotlin classes support please add "com.fasterxml.jackson.module:jackson-module-kotlin" to the classpath
2022-10-24 18:42:22,960 WARN [restartedMain] o.s.b.w.s.c.AnnotationConfigServletWebServerApplicationContext [AbstractApplicationContext.java:558] Exception encountered during context initialization - cancelling refresh attempt: org.springframework.beans.factory.BeanCreationException: Error creating bean with name 'dataSource' defined in class path resource [com/alibaba/druid/spring/boot/autoconfigure/DruidDataSourceAutoConfigure.class]: Invocation of init method failed; nested exception is java.sql.SQLException: Access denied for user 'root'@'192.168.6.1' (using password: YES)
2022-10-24 18:42:51,080 WARN [background-preinit] o.s.h.c.j.Jackson2ObjectMapperBuilder [CompositeLog.java:127] For Jackson Kotlin classes support please add "com.fasterxml.jackson.module:jackson-module-kotlin" to the classpath
2022-10-24 18:42:53,748 WARN [restartedMain] o.s.b.w.s.c.AnnotationConfigServletWebServerApplicationContext [AbstractApplicationContext.java:558] Exception encountered during context initialization - cancelling refresh attempt: org.springframework.beans.factory.BeanCreationException: Error creating bean with name 'dataSource' defined in class path resource [com/alibaba/druid/spring/boot/autoconfigure/DruidDataSourceAutoConfigure.class]: Invocation of init method failed; nested exception is java.sql.SQLException: The server time zone value 'PDT' is unrecognized or represents more than one time zone. You must configure either the server or JDBC driver (via the 'serverTimezone' configuration property) to use a more specifc time zone value if you want to utilize time zone support.
2022-10-24 18:43:33,449 WARN [background-preinit] o.s.h.c.j.Jackson2ObjectMapperBuilder [CompositeLog.java:127] For Jackson Kotlin classes support please add "com.fasterxml.jackson.module:jackson-module-kotlin" to the classpath
2022-10-24 19:33:24,827 WARN [background-preinit] o.s.h.c.j.Jackson2ObjectMapperBuilder [CompositeLog.java:127] For Jackson Kotlin classes support please add "com.fasterxml.jackson.module:jackson-module-kotlin" to the classpath
2022-10-24 19:35:45,449 WARN [background-preinit] o.s.h.c.j.Jackson2ObjectMapperBuilder [CompositeLog.java:127] For Jackson Kotlin classes support please add "com.fasterxml.jackson.module:jackson-module-kotlin" to the classpath
2022-10-24 19:37:16,975 WARN [background-preinit] o.s.h.c.j.Jackson2ObjectMapperBuilder [CompositeLog.java:127] For Jackson Kotlin classes support please add "com.fasterxml.jackson.module:jackson-module-kotlin" to the classpath
2022-10-24 19:38:13,492 WARN [background-preinit] o.s.h.c.j.Jackson2ObjectMapperBuilder [CompositeLog.java:127] For Jackson Kotlin classes support please add "com.fasterxml.jackson.module:jackson-module-kotlin" to the classpath
2022-10-24 19:40:00,941 WARN [background-preinit] o.s.h.c.j.Jackson2ObjectMapperBuilder [CompositeLog.java:127] For Jackson Kotlin classes support please add "com.fasterxml.jackson.module:jackson-module-kotlin" to the classpath
2022-10-24 19:41:42,017 WARN [background-preinit] o.s.h.c.j.Jackson2ObjectMapperBuilder [CompositeLog.java:127] For Jackson Kotlin classes support please add "com.fasterxml.jackson.module:jackson-module-kotlin" to the classpath
2022-10-24 19:42:53,232 WARN [background-preinit] o.s.h.c.j.Jackson2ObjectMapperBuilder [CompositeLog.java:127] For Jackson Kotlin classes support please add "com.fasterxml.jackson.module:jackson-module-kotlin" to the classpath
2022-10-24 19:43:29,328 WARN [background-preinit] o.s.h.c.j.Jackson2ObjectMapperBuilder [CompositeLog.java:127] For Jackson Kotlin classes support please add "com.fasterxml.jackson.module:jackson-module-kotlin" to the classpath
2022-10-24 19:44:29,498 WARN [background-preinit] o.s.h.c.j.Jackson2ObjectMapperBuilder [CompositeLog.java:127] For Jackson Kotlin classes support please add "com.fasterxml.jackson.module:jackson-module-kotlin" to the classpath
2022-10-24 19:46:13,782 WARN [background-preinit] o.s.h.c.j.Jackson2ObjectMapperBuilder [CompositeLog.java:127] For Jackson Kotlin classes support please add "com.fasterxml.jackson.module:jackson-module-kotlin" to the classpath
2022-10-24 19:47:37,927 WARN [background-preinit] o.s.h.c.j.Jackson2ObjectMapperBuilder [CompositeLog.java:127] For Jackson Kotlin classes support please add "com.fasterxml.jackson.module:jackson-module-kotlin" to the classpath
2022-10-24 19:52:34,979 WARN [background-preinit] o.s.h.c.j.Jackson2ObjectMapperBuilder [CompositeLog.java:127] For Jackson Kotlin classes support please add "com.fasterxml.jackson.module:jackson-module-kotlin" to the classpath
2022-10-24 19:53:32,118 WARN [background-preinit] o.s.h.c.j.Jackson2ObjectMapperBuilder [CompositeLog.java:127] For Jackson Kotlin classes support please add "com.fasterxml.jackson.module:jackson-module-kotlin" to the classpath
2022-10-24 19:54:38,102 WARN [background-preinit] o.s.h.c.j.Jackson2ObjectMapperBuilder [CompositeLog.java:127] For Jackson Kotlin classes support please add "com.fasterxml.jackson.module:jackson-module-kotlin" to the classpath
2022-10-24 21:40:05,959 WARN [background-preinit] o.s.h.c.j.Jackson2ObjectMapperBuilder [CompositeLog.java:127] For Jackson Kotlin classes support please add "com.fasterxml.jackson.module:jackson-module-kotlin" to the classpath
2022-10-24 21:40:06,718 WARN [main] o.m.s.m.ClassPathMapperScanner [Logger.java:44] Skipping MapperFactoryBean with name 'appUserMapper' and 'com.gcc.fns.mapper.AppUserMapper' mapperInterface. Bean already defined with the same name!
2022-10-24 21:40:06,719 WARN [main] o.m.s.m.ClassPathMapperScanner [Logger.java:44] No MyBatis mapper was found in '[com.gcc.fns]' package. Please check your configuration.
2022-10-24 21:41:34,730 WARN [background-preinit] o.s.h.c.j.Jackson2ObjectMapperBuilder [CompositeLog.java:127] For Jackson Kotlin classes support please add "com.fasterxml.jackson.module:jackson-module-kotlin" to the classpath
2022-10-24 21:41:35,471 WARN [main] o.m.s.m.ClassPathMapperScanner [Logger.java:44] Skipping MapperFactoryBean with name 'appUserMapper' and 'com.gcc.fns.mapper.AppUserMapper' mapperInterface. Bean already defined with the same name!
2022-10-24 21:41:35,472 WARN [main] o.m.s.m.ClassPathMapperScanner [Logger.java:44] No MyBatis mapper was found in '[com.gcc.fns]' package. Please check your configuration.
2022-10-24 21:42:37,790 WARN [background-preinit] o.s.h.c.j.Jackson2ObjectMapperBuilder [CompositeLog.java:127] For Jackson Kotlin classes support please add "com.fasterxml.jackson.module:jackson-module-kotlin" to the classpath
2022-10-24 21:42:38,963 WARN [main] o.m.s.m.ClassPathMapperScanner [Logger.java:44] Skipping MapperFactoryBean with name 'appUserMapper' and 'com.gcc.fns.mapper.AppUserMapper' mapperInterface. Bean already defined with the same name!
2022-10-24 21:42:38,964 WARN [main] o.m.s.m.ClassPathMapperScanner [Logger.java:44] No MyBatis mapper was found in '[com.gcc.fns]' package. Please check your configuration.
2022-10-24 21:43:24,230 WARN [background-preinit] o.s.h.c.j.Jackson2ObjectMapperBuilder [CompositeLog.java:127] For Jackson Kotlin classes support please add "com.fasterxml.jackson.module:jackson-module-kotlin" to the classpath
2022-10-24 21:43:25,111 WARN [main] o.m.s.m.ClassPathMapperScanner [Logger.java:44] Skipping MapperFactoryBean with name 'appUserMapper' and 'com.gcc.fns.mapper.AppUserMapper' mapperInterface. Bean already defined with the same name!
2022-10-24 21:43:25,112 WARN [main] o.m.s.m.ClassPathMapperScanner [Logger.java:44] No MyBatis mapper was found in '[com.gcc.fns]' package. Please check your configuration.
2022-10-24 21:43:59,674 WARN [background-preinit] o.s.h.c.j.Jackson2ObjectMapperBuilder [CompositeLog.java:127] For Jackson Kotlin classes support please add "com.fasterxml.jackson.module:jackson-module-kotlin" to the classpath
2022-10-24 21:44:00,588 WARN [main] o.m.s.m.ClassPathMapperScanner [Logger.java:44] Skipping MapperFactoryBean with name 'appUserMapper' and 'com.gcc.fns.mapper.AppUserMapper' mapperInterface. Bean already defined with the same name!
2022-10-24 21:44:00,589 WARN [main] o.m.s.m.ClassPathMapperScanner [Logger.java:44] No MyBatis mapper was found in '[com.gcc.fns]' package. Please check your configuration.
2022-10-24 21:44:01,299 WARN [main] o.s.w.c.s.GenericWebApplicationContext [AbstractApplicationContext.java:558] Exception encountered during context initialization - cancelling refresh attempt: org.springframework.boot.context.properties.ConfigurationPropertiesBindException: Error creating bean with name 'JWTUtil': Could not bind properties to 'JWTUtil' : prefix=custom.jwt, ignoreInvalidFields=false, ignoreUnknownFields=true; nested exception is org.springframework.boot.context.properties.bind.BindException: Failed to bind properties under 'custom.jwt.expiration' to int
2022-10-24 21:45:47,264 WARN [background-preinit] o.s.h.c.j.Jackson2ObjectMapperBuilder [CompositeLog.java:127] For Jackson Kotlin classes support please add "com.fasterxml.jackson.module:jackson-module-kotlin" to the classpath
2022-10-24 21:45:47,999 WARN [main] o.m.s.m.ClassPathMapperScanner [Logger.java:44] Skipping MapperFactoryBean with name 'appUserMapper' and 'com.gcc.fns.mapper.AppUserMapper' mapperInterface. Bean already defined with the same name!
2022-10-24 21:45:48,000 WARN [main] o.m.s.m.ClassPathMapperScanner [Logger.java:44] No MyBatis mapper was found in '[com.gcc.fns]' package. Please check your configuration.
2022-10-24 23:43:25,757 WARN [background-preinit] o.s.h.c.j.Jackson2ObjectMapperBuilder [CompositeLog.java:127] For Jackson Kotlin classes support please add "com.fasterxml.jackson.module:jackson-module-kotlin" to the classpath
2022-10-24 23:43:26,379 WARN [main] o.m.s.m.ClassPathMapperScanner [Logger.java:44] Skipping MapperFactoryBean with name 'appUserMapper' and 'com.gcc.fns.mapper.AppUserMapper' mapperInterface. Bean already defined with the same name!
2022-10-24 23:44:14,996 WARN [background-preinit] o.s.h.c.j.Jackson2ObjectMapperBuilder [CompositeLog.java:127] For Jackson Kotlin classes support please add "com.fasterxml.jackson.module:jackson-module-kotlin" to the classpath
2022-10-24 23:44:15,719 WARN [main] o.m.s.m.ClassPathMapperScanner [Logger.java:44] Skipping MapperFactoryBean with name 'appUserMapper' and 'com.gcc.fns.mapper.AppUserMapper' mapperInterface. Bean already defined with the same name!
2022-10-24 23:44:59,398 WARN [background-preinit] o.s.h.c.j.Jackson2ObjectMapperBuilder [CompositeLog.java:127] For Jackson Kotlin classes support please add "com.fasterxml.jackson.module:jackson-module-kotlin" to the classpath
2022-10-24 23:45:00,027 WARN [main] o.m.s.m.ClassPathMapperScanner [Logger.java:44] Skipping MapperFactoryBean with name 'appUserMapper' and 'com.gcc.fns.mapper.AppUserMapper' mapperInterface. Bean already defined with the same name!
2022-10-24 23:45:39,082 WARN [background-preinit] o.s.h.c.j.Jackson2ObjectMapperBuilder [CompositeLog.java:127] For Jackson Kotlin classes support please add "com.fasterxml.jackson.module:jackson-module-kotlin" to the classpath
2022-10-24 23:45:39,777 WARN [main] o.m.s.m.ClassPathMapperScanner [Logger.java:44] Skipping MapperFactoryBean with name 'appUserMapper' and 'com.gcc.fns.mapper.AppUserMapper' mapperInterface. Bean already defined with the same name!
